<?xml version="1.0" encoding="UTF-8"?>
<!-- Generated by org.testng.reporters.JUnitXMLReporter -->
<testsuite ignored="0" hostname="DESKTOP-AMAV84R" failures="1" tests="6" name="Test" time="37.818" errors="0" timestamp="2025-05-22T20:13:54 IST">
  <testcase classname="testscript.AdminUsersTest" name="adminUsersTest" time="2.499">
    <failure type="java.lang.IllegalArgumentException" message="Driver must be set">
      <![CDATA[java.lang.IllegalArgumentException: Driver must be set
at org.openqa.selenium.internal.Require.nonNull(Require.java:60)
at org.openqa.selenium.interactions.Actions.<init>(Actions.java:58)
at utilities.PageUtility.mouseClick(PageUtility.java:31)
at pages.AdminUsersPage.saveAdminUsersInfo(AdminUsersPage.java:58)
at testscript.AdminUsersTest.adminUsersTest(AdminUsersTest.java:33)
at java.base/java.util.ArrayList.forEach(ArrayList.java:1596)
... Removed 25 stack frames]]>
    </failure>
  </testcase> <!-- adminUsersTest -->
  <testcase classname="testscript.ManageNewsTest" name="manageNewsmethod" time="4.615"/>
  <testcase classname="testscript.LoginTest" name="correctuidIncorrectpwd" time="0.933"/>
  <testcase classname="testscript.LoginTest" name="incorrectUidIncorrectPwd" time="1.661"/>
  <testcase classname="testscript.LoginTest" name="incorrectuidCorrectpwd" time="0.87"/>
  <testcase classname="testscript.LoginTest" name="loginTest" time="1.695"/>
</testsuite> <!-- Test -->
